[11:16:39] [main/INFO]: Setting user: ForgeDevName
[11:16:40] [Client thread/INFO]: LWJGL Version: 2.9.1
[11:16:47] [Client thread/INFO]: Reloading ResourceManager: Default, FMLFileResourcePack:Forge Mod Loader, FMLFileResourcePack:Minecraft Forge, FMLFileResourcePack:Woodlands World
[11:16:48] [Sound Library Loader/INFO]: Sound engine started
[11:16:49] [Client thread/INFO]: Created: 512x256 textures/blocks-atlas
[11:16:49] [Client thread/INFO]: Created: 256x256 textures/items-atlas
[11:16:49] [Client thread/INFO]: Reloading ResourceManager: Default, FMLFileResourcePack:Forge Mod Loader, FMLFileResourcePack:Minecraft Forge, FMLFileResourcePack:Woodlands World
[11:16:49] [Client thread/INFO]: Created: 256x256 textures/items-atlas
[11:16:50] [Client thread/INFO]: Created: 512x256 textures/blocks-atlas
[11:16:50] [Sound Library Loader/INFO]: Sound engine started
[11:16:54] [Server thread/INFO]: Starting integrated minecraft server version 1.7.10
[11:16:54] [Server thread/INFO]: Generating keypair
[11:16:54] [Server thread/INFO]: Preparing start region for level 0
[11:16:55] [Server thread/INFO]: Preparing spawn area: 96%
[11:16:56] [Server thread/INFO]: Changing view distance to 12, from 10
[11:16:56] [Server thread/INFO]: ForgeDevName[local:E:c714422b] logged in with entity id 408 at (216.25554288623752, 66.0, 248.66312052842738)
[11:16:56] [Server thread/INFO]: ForgeDevName joined the game
[11:17:18] [Server thread/INFO]: Saving and pausing game...
[11:17:18] [Server thread/INFO]: Saving chunks for level 'New World'/Overworld
[11:17:19] [Server thread/INFO]: Saving chunks for level 'New World'/Nether
[11:17:19] [Server thread/INFO]: Saving chunks for level 'New World'/The End
[11:17:21] [Server thread/INFO]: Stopping server
[11:17:21] [Server thread/INFO]: Saving players
[11:17:21] [Server thread/INFO]: Saving worlds
[11:17:21] [Server thread/INFO]: Saving chunks for level 'New World'/Overworld
[11:17:21] [Server thread/INFO]: Saving chunks for level 'New World'/Nether
[11:17:21] [Server thread/INFO]: Saving chunks for level 'New World'/The End
[11:18:17] [Client thread/INFO]: Stopping!
